{"logTime": "0905/084450", "correlationVector":"yGfbqKWbiqgrje8g5LlRu7.1","action":"SyncServerConnectionManagerRequest", "result":"SYNC_SERVER_OK", "context":{"environment":"Prod_EastUS2_000e", "migrationStage":"NotStarted", "server":"GENERAL01000005"}}
{"logTime": "0905/084451", "correlationVector":"yCp5TI8lUaqbHU5+HW+/wB","action":"SyncServerConnectionManagerRequest", "result":"SYNC_SERVER_OK", "context":{"environment":"", "migrationStage":"", "server":""}}
{"logTime": "0905/084451", "correlationVector":"yGfbqKWbiqgrje8g5LlRu7","action":"Initial GetUpdates", "result":"", "context":Reason: NEW_CLIENT. cV=yGfbqKWbiqgrje8g5LlRu7}
{"logTime": "0905/084451", "correlationVector":"yGfbqKWbiqgrje8g5LlRu7.2","action":"GetUpdates Response", "result":"Success", "context":Received 1 update(s). cV=yGfbqKWbiqgrje8g5LlRu7.0;server=GENERAL01000005;cloudType=Consumer;environment=Prod_EastUS2_000e;migrationStage=NotStarted}
{"logTime": "0905/084451", "correlationVector":"/eQcR8CerCGAqJDy4kJd6B","action":"Initial GetUpdates", "result":"", "context":Reason: NEWLY_SUPPORTED_DATATYPE. cV=/eQcR8CerCGAqJDy4kJd6B}
{"logTime": "0905/084451", "correlationVector":"/eQcR8CerCGAqJDy4kJd6B.1","action":"SyncServerConnectionManagerRequest", "result":"SYNC_SERVER_OK", "context":{"environment":"Prod_EastUS2_000e", "migrationStage":"NotStarted", "server":"GENERAL0100002W"}}
{"logTime": "0905/084451", "correlationVector":"/eQcR8CerCGAqJDy4kJd6B.2","action":"GetUpdates Response", "result":"Success", "context":Received 22 update(s). cV=/eQcR8CerCGAqJDy4kJd6B.0;server=GENERAL0100002W;cloudType=Consumer;environment=Prod_EastUS2_000e;migrationStage=NotStarted}
{"logTime": "0905/084451", "correlationVector":"jnChVAYMn3TfUPtiW+JydR","action":"Normal GetUpdate request", "result":"", "context":cV=jnChVAYMn3TfUPtiW+JydR
Nudged types: Device Info, User Consents
Refresh requested types: Device Info, User Consents, Send Tab To Self, Encryption Keys}
{"logTime": "0905/084452", "correlationVector":"jnChVAYMn3TfUPtiW+JydR.1","action":"SyncServerConnectionManagerRequest", "result":"SYNC_SERVER_OK", "context":{"environment":"Prod_EastUS2_000e", "migrationStage":"NotStarted", "server":"GENERAL01000026"}}
{"logTime": "0905/084452", "correlationVector":"jnChVAYMn3TfUPtiW+JydR.2","action":"GetUpdates Response", "result":"Success", "context":Received 0 update(s). cV=jnChVAYMn3TfUPtiW+JydR.0;server=GENERAL01000026;cloudType=Consumer;environment=Prod_EastUS2_000e;migrationStage=NotStarted}
{"logTime": "0905/084452", "correlationVector":"1J5BEvZcF8/L1uf22eBQ9v","action":"DoCompareDataConsistency requsted types: ", "result":"Send Tab To Self, Encryption Keys"}
{"logTime": "0905/084452", "correlationVector":"1J5BEvZcF8/L1uf22eBQ9v.0","action":"CompareDataConsistency result: ", "result":"Compare result: Encryption Keys is consistent. local entities count is: 1 local entities hash is: vcsDTgUcofLcgGnLpM0SgIYNe6Q="}
{"logTime": "0905/084452", "correlationVector":"1J5BEvZcF8/L1uf22eBQ9v.1","action":"CompareDataConsistency result: ", "result":"Server did not send this Send Tab To Self local entities count is: 0 local entities hash is: "}
{"logTime": "0905/084452", "correlationVector":"SABLXB8SJSrkZ3DSrENLvM","action":"Commit Request", "result":"", "context":Item count: 2
Contributing types: Device Info, User Consents}
{"logTime": "0905/084453", "correlationVector":"SABLXB8SJSrkZ3DSrENLvM.1","action":"SyncServerConnectionManagerRequest", "result":"SYNC_SERVER_OK", "context":{"environment":"Prod_EastUS2_000e", "migrationStage":"NotStarted", "server":"GENERAL0100000L"}}
{"logTime": "0905/084453", "correlationVector":"SABLXB8SJSrkZ3DSrENLvM.2","action":"Commit Response", "result":"Success", "context":Result: Success. cV=SABLXB8SJSrkZ3DSrENLvM.0;server=GENERAL0100000L;cloudType=Consumer;environment=Prod_EastUS2_000e;migrationStage=NotStarted}
{"logTime": "0905/084453", "correlationVector":"","action":"DIAGNOSTIC_REQUEST|v1/diagnosticData/Diagnostic.SendCheckResult()|SUCCESS", "result":""}
{"logTime": "0905/084453", "correlationVector":"WY7pY5lNAOLBuwJ45GQu4F","action":"Normal GetUpdate request", "result":"", "context":cV=WY7pY5lNAOLBuwJ45GQu4F
Nudged types: Device Info}
{"logTime": "0905/084453", "correlationVector":"WY7pY5lNAOLBuwJ45GQu4F.1","action":"SyncServerConnectionManagerRequest", "result":"SYNC_SERVER_OK", "context":{"environment":"Prod_EastUS2_000e", "migrationStage":"NotStarted", "server":"GENERAL0100002P"}}
{"logTime": "0905/084453", "correlationVector":"WY7pY5lNAOLBuwJ45GQu4F.2","action":"GetUpdates Response", "result":"Success", "context":Received 1 update(s). cV=WY7pY5lNAOLBuwJ45GQu4F.0;server=GENERAL0100002P;cloudType=Consumer;environment=Prod_EastUS2_000e;migrationStage=NotStarted}
