2024-09-05T08:44:45.209Z P:14348 T:2820] SyncServiceImpl::Initialize,SyncState after authenticated was: NotSignedIn
2024-09-05T08:44:46.376Z P:14348 T:2820] SyncServiceImpl::TryStartImpl,Try to start sync engine
2024-09-05T08:44:46.385Z P:14348 T:7332] SyncManagerImpl::ConfigureSyncer,Types to download: Encryption Keys
2024-09-05T08:44:46.854Z P:14348 T:2820] SyncAuthManager::SetLastAuthError,Current auth error: None
2024-09-05T08:44:46.854Z P:14348 T:2820] SyncAuthManager::EdgeLogTokenErrorState,Token error with: None for account type: MSA
2024-09-05T08:44:46.856Z P:14348 T:2820] SyncServiceImpl::CredentialsChanged,Credentials changed for: EdgeSyncScopeNew
2024-09-05T08:44:49.060Z P:14348 T:2820] SyncAuthManager::SetLastAuthError,Current auth error: None
2024-09-05T08:44:49.060Z P:14348 T:2820] SyncAuthManager::EdgeLogTokenErrorState,Token error with: None for account type: MSA
2024-09-05T08:44:49.060Z P:14348 T:2820] SyncServiceImpl::CredentialsChangedForKeyData,Credentials changed for: EdgeSyncKeyDataScope
2024-09-05T08:44:50.549Z P:14348 T:2820] SyncServiceImpl::OnEngineInitialized,Initialize engine with: Success
2024-09-05T08:44:50.551Z P:14348 T:2820] ModelLoadManager::Configure,Desired types without errors: Device Info, User Consents, Send Tab To Self, Encryption Keys and types with errors: 
2024-09-05T08:44:50.551Z P:14348 T:2820] ModelLoadManager::LoadDesiredTypes,Loading type: Device Info
2024-09-05T08:44:50.551Z P:14348 T:2820] ModelLoadManager::LoadDesiredTypes,Loading type: User Consents
2024-09-05T08:44:50.551Z P:14348 T:2820] ModelLoadManager::LoadDesiredTypes,Loading type: Send Tab To Self
2024-09-05T08:44:50.552Z P:14348 T:2820] ModelLoadManager::ModelLoadCallback,Load Device Info: success
2024-09-05T08:44:50.552Z P:14348 T:2820] ModelLoadManager::ModelLoadCallback,Load User Consents: success
2024-09-05T08:44:50.552Z P:14348 T:2820] ModelLoadManager::ModelLoadCallback,Load Send Tab To Self: success
2024-09-05T08:44:50.553Z P:14348 T:2820] DataTypeManagerImpl::OnAllDataTypesReadyForConfigure,Start to configure data types
2024-09-05T08:44:50.553Z P:14348 T:2820] DataTypeManagerImpl::StartNextConfiguration,Remain to be configured size: 3 and next configuring types are: Encryption Keys
2024-09-05T08:44:50.553Z P:14348 T:2820] DataTypeManagerImpl::PrepareConfigureParams,Prepare to be configured types: 
2024-09-05T08:44:51.514Z P:14348 T:17068] SyncManagerImpl::ConfigureSyncer,Types to download: 
2024-09-05T08:44:51.515Z P:14348 T:2820] DataTypeManagerImpl::ConfigurationCompleted,Need reconfigure with failed types: 
2024-09-05T08:44:51.515Z P:14348 T:2820] ModelLoadManager::Configure,Desired types without errors: Device Info, User Consents, Send Tab To Self, Encryption Keys and types with errors: 
2024-09-05T08:44:51.516Z P:14348 T:2820] DataTypeManagerImpl::OnAllDataTypesReadyForConfigure,Start to configure data types
2024-09-05T08:44:51.516Z P:14348 T:2820] DataTypeManagerImpl::StartNextConfiguration,Remain to be configured size: 3 and next configuring types are: Encryption Keys
2024-09-05T08:44:51.516Z P:14348 T:2820] DataTypeManagerImpl::PrepareConfigureParams,Prepare to be configured types: 
2024-09-05T08:44:51.516Z P:14348 T:17068] SyncManagerImpl::ConfigureSyncer,Types to download: 
2024-09-05T08:44:51.516Z P:14348 T:2820] DataTypeManagerImpl::ConfigurationCompleted,Remain to be configured size: 2
2024-09-05T08:44:51.516Z P:14348 T:2820] DataTypeManagerImpl::StartNextConfiguration,Remain to be configured size: 2 and next configuring types are: Device Info, Send Tab To Self
2024-09-05T08:44:51.516Z P:14348 T:2820] DataTypeManagerImpl::PrepareConfigureParams,Prepare to be configured types: Device Info, Send Tab To Self, Encryption Keys
2024-09-05T08:44:51.516Z P:14348 T:14940] SyncManagerImpl::ConfigureSyncer,Types to download: Device Info, Send Tab To Self, Encryption Keys
2024-09-05T08:44:51.935Z P:14348 T:2820] DataTypeManagerImpl::ConfigurationCompleted,Remain to be configured size: 1
2024-09-05T08:44:51.936Z P:14348 T:2820] DataTypeManagerImpl::StartNextConfiguration,Remain to be configured size: 1 and next configuring types are: User Consents
2024-09-05T08:44:51.936Z P:14348 T:2820] DataTypeManagerImpl::PrepareConfigureParams,Prepare to be configured types: 
2024-09-05T08:44:51.936Z P:14348 T:17068] SyncManagerImpl::ConfigureSyncer,Types to download: 
2024-09-05T08:44:51.936Z P:14348 T:2820] DataTypeManagerImpl::ConfigurationCompleted,Remain to be configured size: 0
2024-09-05T08:44:51.937Z P:14348 T:2820] SyncServiceImpl::OnConfigureDone,Configure DataTypeManager with: Ok
2024-09-05T08:44:53.096Z P:14348 T:14940] Commit::PostAndProcessResponse,Process Device Info: Success
2024-09-05T08:44:53.096Z P:14348 T:14940] Commit::PostAndProcessResponse,Process User Consents: Success
